<?xml version="1.0" encoding="UTF-8"?>
<testsuite name="TestMergeCollection" tests="2" skipped="0" failures="0" errors="0" timestamp="2019-05-26T10:17:50" hostname="liqiandeMacBook-Pro.local" time="0.01">
  <properties/>
  <testcase name="testSet" classname="TestMergeCollection" time="0.007"/>
  <testcase name="testList" classname="TestMergeCollection" time="0.002"/>
  <system-out><![CDATA[tree1 is
14
21
25
28
29
tree2 is
2
10
20
27
merged tree is
2
10
14
20
21
25
27
28
29
ArrayList1 is
14
21
25
28
29
ArrayList2 is
2
10
10
20
27
Merged list is
2
10
10
14
20
21
25
27
28
29
]]></system-out>
  <system-err><![CDATA[]]></system-err>
</testsuite>
